
TRAIN_PATH = "levels/very_easy_100/train"
TEST_PATH = "levels/very_easy_100/test"

TARGET_UPDATE = 50
GAMMA = 1.0
EPS_0 = 1.0
EPS_DECAY = 0.99
BATCH_SIZE = 16
BUFFER_SIZE = 5000
MAX_STEPS = 25
MAX_STEPS_EVAL = 25
NUM_EPOCHS = 200
SEED = 123
WALLS_PROBS = 0
STATIC_PROBS = 0

# Opt parameters
LEARNING_RATE = 0.00025
RMS_ALPHA = 0.95
RMS_EPS = 0.01

# Model parameters
HIDDEN_CHANNELS = 64
DEPTH = 3
ACT = F.relu
POOL_RATIOS = 0.5
SUM_RES = True

# "good results": hidden = 64, depth = 3, pool = 0.5


# Seed
np.random.seed(SEED)
random.seed(SEED)
torch.manual_seed(SEED)

# Create buffer
memory = ReplayMemory(BUFFER_SIZE)

# GPU devices
device = torch.device("cuda" if torch.cuda.is_available() else "cpu")

# Create embedding
embedding = NoWallsV2Embedding()

# Create models
# policy_net = Net(embedding.NUM_NODES_FEATURES).to(device)
# target_net = Net(embedding.NUM_NODES_FEATURES).to(device)
policy_net = GraphUNet(
    in_channels=embedding.NUM_NODES_FEATURES,
    hidden_channels=HIDDEN_CHANNELS,
    out_channels=1,
    depth=DEPTH,
    pool_ratios=POOL_RATIOS,
    sum_res=SUM_RES,
    act=ACT,
).to(device)

target_net = GraphUNet(
    in_channels=embedding.NUM_NODES_FEATURES,
    hidden_channels=HIDDEN_CHANNELS,
    out_channels=1,
    depth=DEPTH,
    pool_ratios=POOL_RATIOS,
    sum_res=SUM_RES,
    act=ACT,
).to(device)


=== EPOCH 0 [eps=1.00] ===
[Train] Mean reward: -1.52. Solved: 5/100 (0.05%)
[Eval.] Mean reward: -1.87. Solved: 2/98 (0.02%)
=== EPOCH 1 [eps=0.99] ===
[Train] Mean reward: -1.76. Solved: 3/100 (0.03%)
[Eval.] Mean reward: -2.17. Solved: 0/98 (0.00%)
=== EPOCH 2 [eps=0.98] ===
[Train] Mean reward: -1.65. Solved: 4/100 (0.04%)
[Eval.] Mean reward: -2.02. Solved: 1/98 (0.01%)
=== EPOCH 3 [eps=0.97] ===
[Train] Mean reward: -1.48. Solved: 5/100 (0.05%)
[Eval.] Mean reward: -1.88. Solved: 2/98 (0.02%)
=== EPOCH 4 [eps=0.96] ===
[Train] Mean reward: -1.68. Solved: 3/100 (0.03%)
[Eval.] Mean reward: -1.87. Solved: 2/98 (0.02%)
=== EPOCH 5 [eps=0.95] ===
[Train] Mean reward: -1.68. Solved: 4/100 (0.04%)
[Eval.] Mean reward: -2.05. Solved: 1/98 (0.01%)
=== EPOCH 6 [eps=0.94] ===
[Train] Mean reward: -1.70. Solved: 4/100 (0.04%)
[Eval.] Mean reward: -2.08. Solved: 1/98 (0.01%)
=== EPOCH 7 [eps=0.93] ===
[Train] Mean reward: -1.31. Solved: 7/100 (0.07%)
[Eval.] Mean reward: -2.09. Solved: 1/98 (0.01%)
=== EPOCH 8 [eps=0.92] ===
[Train] Mean reward: -1.32. Solved: 7/100 (0.07%)
[Eval.] Mean reward: -1.96. Solved: 2/98 (0.02%)
=== EPOCH 9 [eps=0.91] ===
[Train] Mean reward: -1.79. Solved: 3/100 (0.03%)
[Eval.] Mean reward: -1.95. Solved: 2/98 (0.02%)
=== EPOCH 10 [eps=0.90] ===
[Train] Mean reward: -1.35. Solved: 6/100 (0.06%)
[Eval.] Mean reward: -2.09. Solved: 1/98 (0.01%)
=== EPOCH 11 [eps=0.90] ===
[Train] Mean reward: -1.66. Solved: 4/100 (0.04%)
[Eval.] Mean reward: -2.10. Solved: 1/98 (0.01%)
=== EPOCH 12 [eps=0.89] ===
[Train] Mean reward: -1.33. Solved: 6/100 (0.06%)
[Eval.] Mean reward: -1.94. Solved: 2/98 (0.02%)
=== EPOCH 13 [eps=0.88] ===
[Train] Mean reward: -1.32. Solved: 7/100 (0.07%)
[Eval.] Mean reward: -1.98. Solved: 2/98 (0.02%)
=== EPOCH 14 [eps=0.87] ===
[Train] Mean reward: -1.39. Solved: 6/100 (0.06%)
[Eval.] Mean reward: -2.22. Solved: 0/98 (0.00%)
=== EPOCH 15 [eps=0.86] ===
[Train] Mean reward: -1.61. Solved: 4/100 (0.04%)
[Eval.] Mean reward: -1.91. Solved: 2/98 (0.02%)
=== EPOCH 16 [eps=0.85] ===
[Train] Mean reward: -1.75. Solved: 3/100 (0.03%)
[Eval.] Mean reward: -2.09. Solved: 1/98 (0.01%)
=== EPOCH 17 [eps=0.84] ===
[Train] Mean reward: -1.28. Solved: 7/100 (0.07%)
[Eval.] Mean reward: -1.97. Solved: 2/98 (0.02%)
=== EPOCH 18 [eps=0.83] ===
[Train] Mean reward: -1.52. Solved: 5/100 (0.05%)
[Eval.] Mean reward: -2.09. Solved: 1/98 (0.01%)
=== EPOCH 19 [eps=0.83] ===
[Train] Mean reward: -1.51. Solved: 5/100 (0.05%)
[Eval.] Mean reward: -1.93. Solved: 2/98 (0.02%)
=== EPOCH 20 [eps=0.82] ===
[Train] Mean reward: -1.32. Solved: 7/100 (0.07%)
[Eval.] Mean reward: -1.93. Solved: 2/98 (0.02%)
=== EPOCH 21 [eps=0.81] ===
[Train] Mean reward: -1.39. Solved: 6/100 (0.06%)
[Eval.] Mean reward: -1.95. Solved: 2/98 (0.02%)
=== EPOCH 22 [eps=0.80] ===
[Train] Mean reward: -1.57. Solved: 5/100 (0.05%)
[Eval.] Mean reward: -2.12. Solved: 1/98 (0.01%)
=== EPOCH 23 [eps=0.79] ===
[Train] Mean reward: -1.23. Solved: 7/100 (0.07%)
[Eval.] Mean reward: -1.96. Solved: 2/98 (0.02%)
=== EPOCH 24 [eps=0.79] ===
[Train] Mean reward: -1.51. Solved: 5/100 (0.05%)
[Eval.] Mean reward: -1.98. Solved: 2/98 (0.02%)
=== EPOCH 25 [eps=0.78] ===
[Train] Mean reward: -1.46. Solved: 5/100 (0.05%)
[Eval.] Mean reward: -1.96. Solved: 2/98 (0.02%)
=== EPOCH 26 [eps=0.77] ===
[Train] Mean reward: -1.52. Solved: 5/100 (0.05%)
[Eval.] Mean reward: -1.95. Solved: 2/98 (0.02%)
=== EPOCH 27 [eps=0.76] ===
[Train] Mean reward: -0.91. Solved: 10/100 (0.10%)
[Eval.] Mean reward: -1.97. Solved: 2/98 (0.02%)
=== EPOCH 28 [eps=0.75] ===
[Train] Mean reward: -1.41. Solved: 6/100 (0.06%)
[Eval.] Mean reward: -1.91. Solved: 2/98 (0.02%)
=== EPOCH 29 [eps=0.75] ===
[Train] Mean reward: -1.46. Solved: 4/100 (0.04%)
[Eval.] Mean reward: -1.94. Solved: 2/98 (0.02%)
=== EPOCH 30 [eps=0.74] ===
[Train] Mean reward: -1.60. Solved: 4/100 (0.04%)
[Eval.] Mean reward: -1.98. Solved: 2/98 (0.02%)
=== EPOCH 31 [eps=0.73] ===
[Train] Mean reward: -1.30. Solved: 6/100 (0.06%)
[Eval.] Mean reward: -1.90. Solved: 2/98 (0.02%)
=== EPOCH 32 [eps=0.72] ===
[Train] Mean reward: -1.57. Solved: 4/100 (0.04%)
[Eval.] Mean reward: -1.90. Solved: 2/98 (0.02%)
=== EPOCH 33 [eps=0.72] ===
[Train] Mean reward: -1.13. Solved: 7/100 (0.07%)
[Eval.] Mean reward: -1.92. Solved: 2/98 (0.02%)
=== EPOCH 34 [eps=0.71] ===
[Train] Mean reward: -1.39. Solved: 6/100 (0.06%)
[Eval.] Mean reward: -1.90. Solved: 2/98 (0.02%)
=== EPOCH 35 [eps=0.70] ===
[Train] Mean reward: -1.41. Solved: 5/100 (0.05%)
[Eval.] Mean reward: -1.91. Solved: 2/98 (0.02%)
=== EPOCH 36 [eps=0.70] ===
[Train] Mean reward: -1.49. Solved: 4/100 (0.04%)
[Eval.] Mean reward: -1.91. Solved: 2/98 (0.02%)
=== EPOCH 37 [eps=0.69] ===
[Train] Mean reward: -1.26. Solved: 7/100 (0.07%)
[Eval.] Mean reward: -1.78. Solved: 3/98 (0.03%)
=== EPOCH 38 [eps=0.68] ===
[Train] Mean reward: -1.27. Solved: 7/100 (0.07%)
[Eval.] Mean reward: -1.89. Solved: 2/98 (0.02%)
=== EPOCH 39 [eps=0.68] ===
[Train] Mean reward: -1.12. Solved: 8/100 (0.08%)
[Eval.] Mean reward: -1.92. Solved: 2/98 (0.02%)
=== EPOCH 40 [eps=0.67] ===
[Train] Mean reward: -1.61. Solved: 3/100 (0.03%)
[Eval.] Mean reward: -1.51. Solved: 5/98 (0.05%)
=== EPOCH 41 [eps=0.66] ===
[Train] Mean reward: -0.98. Solved: 9/100 (0.09%)
[Eval.] Mean reward: -1.37. Solved: 6/98 (0.06%)
=== EPOCH 42 [eps=0.66] ===
[Train] Mean reward: -1.36. Solved: 5/100 (0.05%)
[Eval.] Mean reward: -1.35. Solved: 6/98 (0.06%)
=== EPOCH 43 [eps=0.65] ===
[Train] Mean reward: -1.35. Solved: 6/100 (0.06%)
[Eval.] Mean reward: -1.38. Solved: 6/98 (0.06%)
=== EPOCH 44 [eps=0.64] ===
[Train] Mean reward: -1.24. Solved: 7/100 (0.07%)
[Eval.] Mean reward: -1.38. Solved: 6/98 (0.06%)
=== EPOCH 45 [eps=0.64] ===
[Train] Mean reward: -1.00. Solved: 9/100 (0.09%)
[Eval.] Mean reward: -1.73. Solved: 3/98 (0.03%)
=== EPOCH 46 [eps=0.63] ===
[Train] Mean reward: -1.23. Solved: 7/100 (0.07%)
[Eval.] Mean reward: -1.63. Solved: 4/98 (0.04%)
=== EPOCH 47 [eps=0.62] ===
[Train] Mean reward: -1.71. Solved: 3/100 (0.03%)
[Eval.] Mean reward: -1.62. Solved: 4/98 (0.04%)
=== EPOCH 48 [eps=0.62] ===
[Train] Mean reward: -1.18. Solved: 7/100 (0.07%)
[Eval.] Mean reward: -1.48. Solved: 5/98 (0.05%)
=== EPOCH 49 [eps=0.61] ===
[Train] Mean reward: -1.15. Solved: 7/100 (0.07%)
[Eval.] Mean reward: -1.60. Solved: 4/98 (0.04%)
=== EPOCH 50 [eps=0.61] ===
[Train] Mean reward: -1.38. Solved: 6/100 (0.06%)
[Eval.] Mean reward: -1.61. Solved: 4/98 (0.04%)
=== EPOCH 51 [eps=0.60] ===
[Train] Mean reward: -1.46. Solved: 5/100 (0.05%)
[Eval.] Mean reward: -1.74. Solved: 3/98 (0.03%)
=== EPOCH 52 [eps=0.59] ===
[Train] Mean reward: -0.35. Solved: 14/100 (0.14%)
[Eval.] Mean reward: -1.60. Solved: 4/98 (0.04%)
=== EPOCH 53 [eps=0.59] ===
[Train] Mean reward: -0.83. Solved: 10/100 (0.10%)
[Eval.] Mean reward: -1.63. Solved: 4/98 (0.04%)
=== EPOCH 54 [eps=0.58] ===
[Train] Mean reward: -1.21. Solved: 6/100 (0.06%)
[Eval.] Mean reward: -1.63. Solved: 4/98 (0.04%)
=== EPOCH 55 [eps=0.58] ===
[Train] Mean reward: -1.48. Solved: 5/100 (0.05%)
[Eval.] Mean reward: -1.61. Solved: 4/98 (0.04%)
=== EPOCH 56 [eps=0.57] ===
[Train] Mean reward: -0.96. Solved: 9/100 (0.09%)
[Eval.] Mean reward: -1.60. Solved: 4/98 (0.04%)
=== EPOCH 57 [eps=0.56] ===
[Train] Mean reward: -1.09. Solved: 8/100 (0.08%)
[Eval.] Mean reward: -1.62. Solved: 4/98 (0.04%)
=== EPOCH 58 [eps=0.56] ===
[Train] Mean reward: -1.22. Solved: 7/100 (0.07%)
[Eval.] Mean reward: -1.63. Solved: 4/98 (0.04%)
=== EPOCH 59 [eps=0.55] ===
[Train] Mean reward: -0.88. Solved: 9/100 (0.09%)
[Eval.] Mean reward: -1.61. Solved: 4/98 (0.04%)
=== EPOCH 60 [eps=0.55] ===
[Train] Mean reward: -1.23. Solved: 7/100 (0.07%)
[Eval.] Mean reward: -1.60. Solved: 4/98 (0.04%)
=== EPOCH 61 [eps=0.54] ===
[Train] Mean reward: -1.05. Solved: 8/100 (0.08%)
[Eval.] Mean reward: -1.47. Solved: 5/98 (0.05%)
=== EPOCH 62 [eps=0.54] ===
[Train] Mean reward: -1.10. Solved: 8/100 (0.08%)
[Eval.] Mean reward: -1.61. Solved: 4/98 (0.04%)
=== EPOCH 63 [eps=0.53] ===
[Train] Mean reward: -0.76. Solved: 11/100 (0.11%)
[Eval.] Mean reward: -1.73. Solved: 3/98 (0.03%)
=== EPOCH 64 [eps=0.53] ===
[Train] Mean reward: -1.26. Solved: 7/100 (0.07%)
[Eval.] Mean reward: -1.76. Solved: 3/98 (0.03%)
=== EPOCH 65 [eps=0.52] ===
[Train] Mean reward: -1.12. Solved: 8/100 (0.08%)
[Eval.] Mean reward: -1.74. Solved: 3/98 (0.03%)
=== EPOCH 66 [eps=0.52] ===
[Train] Mean reward: -0.85. Solved: 9/100 (0.09%)
[Eval.] Mean reward: -1.74. Solved: 3/98 (0.03%)
=== EPOCH 67 [eps=0.51] ===
[Train] Mean reward: -1.11. Solved: 8/100 (0.08%)
[Eval.] Mean reward: -1.59. Solved: 4/98 (0.04%)
=== EPOCH 68 [eps=0.50] ===
[Train] Mean reward: -0.70. Solved: 11/100 (0.11%)
[Eval.] Mean reward: -1.60. Solved: 4/98 (0.04%)
=== EPOCH 69 [eps=0.50] ===
[Train] Mean reward: -1.44. Solved: 5/100 (0.05%)
[Eval.] Mean reward: -1.74. Solved: 3/98 (0.03%)
=== EPOCH 70 [eps=0.49] ===
[Train] Mean reward: -1.40. Solved: 5/100 (0.05%)
[Eval.] Mean reward: -1.89. Solved: 2/98 (0.02%)
=== EPOCH 71 [eps=0.49] ===
[Train] Mean reward: -0.92. Solved: 9/100 (0.09%)
[Eval.] Mean reward: -1.73. Solved: 3/98 (0.03%)
=== EPOCH 72 [eps=0.48] ===
[Train] Mean reward: -1.18. Solved: 7/100 (0.07%)
[Eval.] Mean reward: -1.72. Solved: 3/98 (0.03%)
=== EPOCH 73 [eps=0.48] ===
[Train] Mean reward: -1.01. Solved: 9/100 (0.09%)
[Eval.] Mean reward: -1.89. Solved: 2/98 (0.02%)
=== EPOCH 74 [eps=0.48] ===
[Train] Mean reward: -1.26. Solved: 6/100 (0.06%)
[Eval.] Mean reward: -1.90. Solved: 2/98 (0.02%)
=== EPOCH 75 [eps=0.47] ===
[Train] Mean reward: -1.47. Solved: 5/100 (0.05%)
[Eval.] Mean reward: -1.89. Solved: 2/98 (0.02%)
=== EPOCH 76 [eps=0.47] ===
[Train] Mean reward: -1.42. Solved: 6/100 (0.06%)
[Eval.] Mean reward: -1.90. Solved: 2/98 (0.02%)
=== EPOCH 77 [eps=0.46] ===
[Train] Mean reward: -1.57. Solved: 4/100 (0.04%)
[Eval.] Mean reward: -1.91. Solved: 2/98 (0.02%)
=== EPOCH 78 [eps=0.46] ===
[Train] Mean reward: -1.68. Solved: 3/100 (0.03%)
[Eval.] Mean reward: -1.91. Solved: 2/98 (0.02%)
=== EPOCH 79 [eps=0.45] ===
[Train] Mean reward: -1.04. Solved: 7/100 (0.07%)
[Eval.] Mean reward: -1.93. Solved: 2/98 (0.02%)
=== EPOCH 80 [eps=0.45] ===
[Train] Mean reward: -1.36. Solved: 6/100 (0.06%)
[Eval.] Mean reward: -1.91. Solved: 2/98 (0.02%)
=== EPOCH 81 [eps=0.44] ===
[Train] Mean reward: -0.89. Solved: 9/100 (0.09%)
[Eval.] Mean reward: -1.90. Solved: 2/98 (0.02%)
=== EPOCH 82 [eps=0.44] ===
[Train] Mean reward: -1.23. Solved: 7/100 (0.07%)
[Eval.] Mean reward: -1.92. Solved: 2/98 (0.02%)
=== EPOCH 83 [eps=0.43] ===
[Train] Mean reward: -1.32. Solved: 6/100 (0.06%)
[Eval.] Mean reward: -1.89. Solved: 2/98 (0.02%)
=== EPOCH 84 [eps=0.43] ===
[Train] Mean reward: -1.14. Solved: 7/100 (0.07%)
[Eval.] Mean reward: -1.90. Solved: 2/98 (0.02%)
=== EPOCH 85 [eps=0.43] ===
[Train] Mean reward: -1.36. Solved: 6/100 (0.06%)
[Eval.] Mean reward: -1.87. Solved: 2/98 (0.02%)
=== EPOCH 86 [eps=0.42] ===
[Train] Mean reward: -1.41. Solved: 5/100 (0.05%)
[Eval.] Mean reward: -1.88. Solved: 2/98 (0.02%)
=== EPOCH 87 [eps=0.42] ===
[Train] Mean reward: -1.25. Solved: 7/100 (0.07%)
[Eval.] Mean reward: -1.91. Solved: 2/98 (0.02%)
=== EPOCH 88 [eps=0.41] ===
[Train] Mean reward: -1.80. Solved: 2/100 (0.02%)
[Eval.] Mean reward: -1.92. Solved: 2/98 (0.02%)
=== EPOCH 89 [eps=0.41] ===
[Train] Mean reward: -1.33. Solved: 6/100 (0.06%)
[Eval.] Mean reward: -1.91. Solved: 2/98 (0.02%)
=== EPOCH 90 [eps=0.40] ===
[Train] Mean reward: -1.11. Solved: 6/100 (0.06%)
[Eval.] Mean reward: -1.88. Solved: 2/98 (0.02%)
=== EPOCH 91 [eps=0.40] ===
[Train] Mean reward: -1.56. Solved: 4/100 (0.04%)
[Eval.] Mean reward: -1.86. Solved: 2/98 (0.02%)
=== EPOCH 92 [eps=0.40] ===
[Train] Mean reward: -1.08. Solved: 8/100 (0.08%)
[Eval.] Mean reward: -1.87. Solved: 2/98 (0.02%)
=== EPOCH 93 [eps=0.39] ===
[Train] Mean reward: -1.82. Solved: 2/100 (0.02%)
[Eval.] Mean reward: -1.88. Solved: 2/98 (0.02%)
=== EPOCH 94 [eps=0.39] ===
[Train] Mean reward: -1.46. Solved: 5/100 (0.05%)
[Eval.] Mean reward: -1.86. Solved: 2/98 (0.02%)
=== EPOCH 95 [eps=0.38] ===
[Train] Mean reward: -1.04. Solved: 8/100 (0.08%)
[Eval.] Mean reward: -1.84. Solved: 2/98 (0.02%)
=== EPOCH 96 [eps=0.38] ===
[Train] Mean reward: -1.42. Solved: 5/100 (0.05%)
[Eval.] Mean reward: -1.83. Solved: 2/98 (0.02%)
=== EPOCH 97 [eps=0.38] ===
[Train] Mean reward: -1.58. Solved: 4/100 (0.04%)
[Eval.] Mean reward: -1.91. Solved: 2/98 (0.02%)
=== EPOCH 98 [eps=0.37] ===
[Train] Mean reward: -1.83. Solved: 2/100 (0.02%)
[Eval.] Mean reward: -2.03. Solved: 1/98 (0.01%)
=== EPOCH 99 [eps=0.37] ===
[Train] Mean reward: -1.67. Solved: 4/100 (0.04%)
[Eval.] Mean reward: -2.04. Solved: 1/98 (0.01%)
=== EPOCH 100 [eps=0.37] ===
[Train] Mean reward: -1.43. Solved: 5/100 (0.05%)
[Eval.] Mean reward: -2.06. Solved: 1/98 (0.01%)
=== EPOCH 101 [eps=0.36] ===
[Train] Mean reward: -1.44. Solved: 5/100 (0.05%)
[Eval.] Mean reward: -2.06. Solved: 1/98 (0.01%)
=== EPOCH 102 [eps=0.36] ===
[Train] Mean reward: -1.34. Solved: 6/100 (0.06%)
[Eval.] Mean reward: -2.08. Solved: 1/98 (0.01%)
=== EPOCH 103 [eps=0.36] ===
[Train] Mean reward: -1.62. Solved: 3/100 (0.03%)
[Eval.] Mean reward: -2.08. Solved: 1/98 (0.01%)
=== EPOCH 104 [eps=0.35] ===
[Train] Mean reward: -1.51. Solved: 5/100 (0.05%)
[Eval.] Mean reward: -2.05. Solved: 1/98 (0.01%)
=== EPOCH 105 [eps=0.35] ===
[Train] Mean reward: -1.66. Solved: 4/100 (0.04%)
[Eval.] Mean reward: -2.07. Solved: 1/98 (0.01%)
=== EPOCH 106 [eps=0.34] ===
[Train] Mean reward: -1.61. Solved: 4/100 (0.04%)
[Eval.] Mean reward: -2.09. Solved: 1/98 (0.01%)
=== EPOCH 107 [eps=0.34] ===
[Train] Mean reward: -1.90. Solved: 2/100 (0.02%)
[Eval.] Mean reward: -1.93. Solved: 2/98 (0.02%)
=== EPOCH 108 [eps=0.34] ===
[Train] Mean reward: -1.48. Solved: 5/100 (0.05%)
[Eval.] Mean reward: -2.07. Solved: 1/98 (0.01%)
=== EPOCH 109 [eps=0.33] ===
[Train] Mean reward: -1.57. Solved: 4/100 (0.04%)
[Eval.] Mean reward: -1.93. Solved: 2/98 (0.02%)
=== EPOCH 110 [eps=0.33] ===
[Train] Mean reward: -1.40. Solved: 6/100 (0.06%)
[Eval.] Mean reward: -1.94. Solved: 2/98 (0.02%)
=== EPOCH 111 [eps=0.33] ===
[Train] Mean reward: -1.71. Solved: 3/100 (0.03%)
[Eval.] Mean reward: -2.07. Solved: 1/98 (0.01%)
=== EPOCH 112 [eps=0.32] ===
[Train] Mean reward: -1.59. Solved: 4/100 (0.04%)
[Eval.] Mean reward: -1.93. Solved: 2/98 (0.02%)
=== EPOCH 113 [eps=0.32] ===
[Train] Mean reward: -1.53. Solved: 5/100 (0.05%)
[Eval.] Mean reward: -1.94. Solved: 2/98 (0.02%)
=== EPOCH 114 [eps=0.32] ===
[Train] Mean reward: -1.65. Solved: 4/100 (0.04%)
[Eval.] Mean reward: -1.94. Solved: 2/98 (0.02%)
=== EPOCH 115 [eps=0.31] ===
[Train] Mean reward: -1.59. Solved: 4/100 (0.04%)
[Eval.] Mean reward: -1.92. Solved: 2/98 (0.02%)
=== EPOCH 116 [eps=0.31] ===
[Train] Mean reward: -1.73. Solved: 3/100 (0.03%)
[Eval.] Mean reward: -1.95. Solved: 2/98 (0.02%)
=== EPOCH 117 [eps=0.31] ===
[Train] Mean reward: -1.39. Solved: 5/100 (0.05%)
[Eval.] Mean reward: -1.94. Solved: 2/98 (0.02%)
=== EPOCH 118 [eps=0.31] ===
[Train] Mean reward: -1.79. Solved: 3/100 (0.03%)
[Eval.] Mean reward: -1.94. Solved: 2/98 (0.02%)
=== EPOCH 119 [eps=0.30] ===
[Train] Mean reward: -1.51. Solved: 5/100 (0.05%)
[Eval.] Mean reward: -2.08. Solved: 1/98 (0.01%)
=== EPOCH 120 [eps=0.30] ===
[Train] Mean reward: -1.60. Solved: 4/100 (0.04%)
[Eval.] Mean reward: -2.09. Solved: 1/98 (0.01%)
=== EPOCH 121 [eps=0.30] ===
[Train] Mean reward: -1.87. Solved: 2/100 (0.02%)
[Eval.] Mean reward: -2.08. Solved: 1/98 (0.01%)
=== EPOCH 122 [eps=0.29] ===
[Train] Mean reward: -1.51. Solved: 5/100 (0.05%)
[Eval.] Mean reward: -2.09. Solved: 1/98 (0.01%)
=== EPOCH 123 [eps=0.29] ===
[Train] Mean reward: -1.91. Solved: 2/100 (0.02%)
[Eval.] Mean reward: -2.10. Solved: 1/98 (0.01%)
=== EPOCH 124 [eps=0.29] ===
[Train] Mean reward: -1.67. Solved: 3/100 (0.03%)
[Eval.] Mean reward: -2.10. Solved: 1/98 (0.01%)
=== EPOCH 125 [eps=0.28] ===
[Train] Mean reward: -1.58. Solved: 4/100 (0.04%)
[Eval.] Mean reward: -2.08. Solved: 1/98 (0.01%)
=== EPOCH 126 [eps=0.28] ===
[Train] Mean reward: -1.28. Solved: 7/100 (0.07%)
[Eval.] Mean reward: -2.09. Solved: 1/98 (0.01%)
=== EPOCH 127 [eps=0.28] ===
[Train] Mean reward: -1.63. Solved: 4/100 (0.04%)
[Eval.] Mean reward: -2.07. Solved: 1/98 (0.01%)
=== EPOCH 128 [eps=0.28] ===
[Train] Mean reward: -1.52. Solved: 5/100 (0.05%)
[Eval.] Mean reward: -2.08. Solved: 1/98 (0.01%)
=== EPOCH 129 [eps=0.27] ===
[Train] Mean reward: -1.66. Solved: 3/100 (0.03%)
[Eval.] Mean reward: -2.08. Solved: 1/98 (0.01%)
=== EPOCH 130 [eps=0.27] ===
[Train] Mean reward: -1.25. Solved: 7/100 (0.07%)
[Eval.] Mean reward: -2.07. Solved: 1/98 (0.01%)
=== EPOCH 131 [eps=0.27] ===
[Train] Mean reward: -1.28. Solved: 5/100 (0.05%)
[Eval.] Mean reward: -2.06. Solved: 1/98 (0.01%)
=== EPOCH 132 [eps=0.27] ===
[Train] Mean reward: -1.22. Solved: 7/100 (0.07%)
[Eval.] Mean reward: -2.09. Solved: 1/98 (0.01%)
=== EPOCH 133 [eps=0.26] ===
[Train] Mean reward: -1.57. Solved: 4/100 (0.04%)
[Eval.] Mean reward: -2.08. Solved: 1/98 (0.01%)
=== EPOCH 134 [eps=0.26] ===
[Train] Mean reward: -1.59. Solved: 4/100 (0.04%)
[Eval.] Mean reward: -2.05. Solved: 1/98 (0.01%)
=== EPOCH 135 [eps=0.26] ===
[Train] Mean reward: -1.67. Solved: 4/100 (0.04%)
[Eval.] Mean reward: -2.07. Solved: 1/98 (0.01%)
=== EPOCH 136 [eps=0.25] ===
[Train] Mean reward: -1.57. Solved: 4/100 (0.04%)
[Eval.] Mean reward: -2.08. Solved: 1/98 (0.01%)
=== EPOCH 137 [eps=0.25] ===
[Train] Mean reward: -1.52. Solved: 5/100 (0.05%)
[Eval.] Mean reward: -2.08. Solved: 1/98 (0.01%)
=== EPOCH 138 [eps=0.25] ===
[Train] Mean reward: -1.79. Solved: 3/100 (0.03%)
[Eval.] Mean reward: -2.10. Solved: 1/98 (0.01%)
=== EPOCH 139 [eps=0.25] ===
[Train] Mean reward: -1.63. Solved: 4/100 (0.04%)
[Eval.] Mean reward: -2.10. Solved: 1/98 (0.01%)
=== EPOCH 140 [eps=0.24] ===
[Train] Mean reward: -1.37. Solved: 6/100 (0.06%)
[Eval.] Mean reward: -2.09. Solved: 1/98 (0.01%)
=== EPOCH 141 [eps=0.24] ===
[Train] Mean reward: -1.46. Solved: 5/100 (0.05%)
[Eval.] Mean reward: -1.91. Solved: 2/98 (0.02%)
=== EPOCH 142 [eps=0.24] ===
[Train] Mean reward: -1.43. Solved: 5/100 (0.05%)
[Eval.] Mean reward: -1.91. Solved: 2/98 (0.02%)
=== EPOCH 143 [eps=0.24] ===
[Train] Mean reward: -1.43. Solved: 5/100 (0.05%)
[Eval.] Mean reward: -1.90. Solved: 2/98 (0.02%)
=== EPOCH 144 [eps=0.24] ===
[Train] Mean reward: -0.89. Solved: 8/100 (0.08%)
[Eval.] Mean reward: -1.91. Solved: 2/98 (0.02%)
=== EPOCH 145 [eps=0.23] ===
[Train] Mean reward: -1.32. Solved: 6/100 (0.06%)
[Eval.] Mean reward: -1.89. Solved: 2/98 (0.02%)
=== EPOCH 146 [eps=0.23] ===
[Train] Mean reward: -1.72. Solved: 3/100 (0.03%)
[Eval.] Mean reward: -1.75. Solved: 3/98 (0.03%)
=== EPOCH 147 [eps=0.23] ===
[Train] Mean reward: -1.60. Solved: 4/100 (0.04%)
[Eval.] Mean reward: -1.92. Solved: 2/98 (0.02%)
=== EPOCH 148 [eps=0.23] ===
[Train] Mean reward: -1.34. Solved: 6/100 (0.06%)
[Eval.] Mean reward: -1.93. Solved: 2/98 (0.02%)
=== EPOCH 149 [eps=0.22] ===
[Train] Mean reward: -1.32. Solved: 6/100 (0.06%)
[Eval.] Mean reward: -1.90. Solved: 2/98 (0.02%)
=== EPOCH 150 [eps=0.22] ===
[Train] Mean reward: -0.90. Solved: 9/100 (0.09%)
[Eval.] Mean reward: -1.88. Solved: 2/98 (0.02%)
=== EPOCH 151 [eps=0.22] ===
[Train] Mean reward: -1.41. Solved: 5/100 (0.05%)
[Eval.] Mean reward: -1.88. Solved: 2/98 (0.02%)
=== EPOCH 152 [eps=0.22] ===
[Train] Mean reward: -1.17. Solved: 7/100 (0.07%)
[Eval.] Mean reward: -1.90. Solved: 2/98 (0.02%)
=== EPOCH 153 [eps=0.21] ===
[Train] Mean reward: -1.31. Solved: 6/100 (0.06%)
[Eval.] Mean reward: -1.88. Solved: 2/98 (0.02%)
=== EPOCH 154 [eps=0.21] ===
[Train] Mean reward: -1.16. Solved: 7/100 (0.07%)
[Eval.] Mean reward: -1.91. Solved: 2/98 (0.02%)